[INFO  - 2017-10-15T05:44:33.306Z] GhostDriver - Main - running on port 53158
[INFO  - 2017-10-15T05:44:33.609Z] Session [ebef8750-b16b-11e7-9ae1-67401e2c8f6b] - page.settings - {"XSSAuditingEnabled":false,"javascriptCanCloseWindows":true,"javascriptCanOpenWindows":true,"javascriptEnabled":true,"loadImages":true,"localToRemoteUrlAccessEnabled":false,"userAgent":"Mozilla/5.0 (Macintosh; Intel Mac OS X) AppleWebKit/538.1 (KHTML, like Gecko) PhantomJS/2.1.1 Safari/538.1","webSecurityEnabled":true}
[INFO  - 2017-10-15T05:44:33.609Z] Session [ebef8750-b16b-11e7-9ae1-67401e2c8f6b] - page.customHeaders:  - {}
[INFO  - 2017-10-15T05:44:33.609Z] Session [ebef8750-b16b-11e7-9ae1-67401e2c8f6b] - Session.negotiatedCapabilities - {"browserName":"phantomjs","version":"2.1.1","driverName":"ghostdriver","driverVersion":"1.2.0","platform":"mac-unknown-64bit","javascriptEnabled":true,"takesScreenshot":true,"handlesAlerts":false,"databaseEnabled":false,"locationContextEnabled":false,"applicationCacheEnabled":false,"browserConnectionEnabled":false,"cssSelectorsEnabled":true,"webStorageEnabled":false,"rotatable":false,"acceptSslCerts":false,"nativeEvents":true,"proxy":{"proxyType":"direct"}}
[INFO  - 2017-10-15T05:44:33.609Z] SessionManagerReqHand - _postNewSessionCommand - New Session Created: ebef8750-b16b-11e7-9ae1-67401e2c8f6b
[ERROR - 2017-10-15T05:44:43.524Z] WebElementLocator - _handleLocateCommand - Element(s) NOT Found: GAVE UP. Search Stop Time: 1508046283472

  phantomjs://platform/console++.js:263 in error
[ERROR - 2017-10-15T05:44:43.883Z] WebElementLocator - _handleLocateCommand - Element(s) NOT Found: GAVE UP. Search Stop Time: 1508046283859

  phantomjs://platform/console++.js:263 in error
[ERROR - 2017-10-15T05:44:44.184Z] WebElementLocator - _handleLocateCommand - Element(s) NOT Found: GAVE UP. Search Stop Time: 1508046284160

  phantomjs://platform/console++.js:263 in error
[ERROR - 2017-10-15T05:44:44.481Z] WebElementLocator - _handleLocateCommand - Element(s) NOT Found: GAVE UP. Search Stop Time: 1508046284455

  phantomjs://platform/console++.js:263 in error
[ERROR - 2017-10-15T05:44:44.775Z] WebElementLocator - _handleLocateCommand - Element(s) NOT Found: GAVE UP. Search Stop Time: 1508046284754

  phantomjs://platform/console++.js:263 in error
[ERROR - 2017-10-15T05:44:45.068Z] WebElementLocator - _handleLocateCommand - Element(s) NOT Found: GAVE UP. Search Stop Time: 1508046285046

  phantomjs://platform/console++.js:263 in error
[ERROR - 2017-10-15T05:44:45.362Z] WebElementLocator - _handleLocateCommand - Element(s) NOT Found: GAVE UP. Search Stop Time: 1508046285339

  phantomjs://platform/console++.js:263 in error
[ERROR - 2017-10-15T05:44:45.665Z] WebElementLocator - _handleLocateCommand - Element(s) NOT Found: GAVE UP. Search Stop Time: 1508046285637

  phantomjs://platform/console++.js:263 in error
[ERROR - 2017-10-15T05:44:45.986Z] WebElementLocator - _handleLocateCommand - Element(s) NOT Found: GAVE UP. Search Stop Time: 1508046285951

  phantomjs://platform/console++.js:263 in error
[ERROR - 2017-10-15T05:44:46.307Z] WebElementLocator - _handleLocateCommand - Element(s) NOT Found: GAVE UP. Search Stop Time: 1508046286263

  phantomjs://platform/console++.js:263 in error
[ERROR - 2017-10-15T05:44:46.611Z] WebElementLocator - _handleLocateCommand - Element(s) NOT Found: GAVE UP. Search Stop Time: 1508046286577

  phantomjs://platform/console++.js:263 in error
[ERROR - 2017-10-15T05:44:46.913Z] WebElementLocator - _handleLocateCommand - Element(s) NOT Found: GAVE UP. Search Stop Time: 1508046286882

  phantomjs://platform/console++.js:263 in error
[ERROR - 2017-10-15T05:44:47.223Z] WebElementLocator - _handleLocateCommand - Element(s) NOT Found: GAVE UP. Search Stop Time: 1508046287188

  phantomjs://platform/console++.js:263 in error
[ERROR - 2017-10-15T05:44:47.519Z] WebElementLocator - _handleLocateCommand - Element(s) NOT Found: GAVE UP. Search Stop Time: 1508046287499

  phantomjs://platform/console++.js:263 in error
[ERROR - 2017-10-15T05:44:47.821Z] WebElementLocator - _handleLocateCommand - Element(s) NOT Found: GAVE UP. Search Stop Time: 1508046287788

  phantomjs://platform/console++.js:263 in error
[ERROR - 2017-10-15T05:44:48.121Z] WebElementLocator - _handleLocateCommand - Element(s) NOT Found: GAVE UP. Search Stop Time: 1508046288095

  phantomjs://platform/console++.js:263 in error
[ERROR - 2017-10-15T05:44:48.427Z] WebElementLocator - _handleLocateCommand - Element(s) NOT Found: GAVE UP. Search Stop Time: 1508046288393

  phantomjs://platform/console++.js:263 in error
[ERROR - 2017-10-15T05:44:48.727Z] WebElementLocator - _handleLocateCommand - Element(s) NOT Found: GAVE UP. Search Stop Time: 1508046288701

  phantomjs://platform/console++.js:263 in error
[ERROR - 2017-10-15T05:44:49.027Z] WebElementLocator - _handleLocateCommand - Element(s) NOT Found: GAVE UP. Search Stop Time: 1508046289002

  phantomjs://platform/console++.js:263 in error
[ERROR - 2017-10-15T05:44:49.339Z] WebElementLocator - _handleLocateCommand - Element(s) NOT Found: GAVE UP. Search Stop Time: 1508046289297

  phantomjs://platform/console++.js:263 in error
[ERROR - 2017-10-15T05:44:49.629Z] WebElementLocator - _handleLocateCommand - Element(s) NOT Found: GAVE UP. Search Stop Time: 1508046289612

  phantomjs://platform/console++.js:263 in error
[ERROR - 2017-10-15T05:44:49.921Z] WebElementLocator - _handleLocateCommand - Element(s) NOT Found: GAVE UP. Search Stop Time: 1508046289899

  phantomjs://platform/console++.js:263 in error
[ERROR - 2017-10-15T05:44:50.212Z] WebElementLocator - _handleLocateCommand - Element(s) NOT Found: GAVE UP. Search Stop Time: 1508046290191

  phantomjs://platform/console++.js:263 in error
[ERROR - 2017-10-15T05:44:50.502Z] WebElementLocator - _handleLocateCommand - Element(s) NOT Found: GAVE UP. Search Stop Time: 1508046290482

  phantomjs://platform/console++.js:263 in error
[ERROR - 2017-10-15T05:44:50.804Z] WebElementLocator - _handleLocateCommand - Element(s) NOT Found: GAVE UP. Search Stop Time: 1508046290776

  phantomjs://platform/console++.js:263 in error
[ERROR - 2017-10-15T05:44:51.103Z] WebElementLocator - _handleLocateCommand - Element(s) NOT Found: GAVE UP. Search Stop Time: 1508046291079

  phantomjs://platform/console++.js:263 in error
[ERROR - 2017-10-15T05:44:51.410Z] WebElementLocator - _handleLocateCommand - Element(s) NOT Found: GAVE UP. Search Stop Time: 1508046291375

  phantomjs://platform/console++.js:263 in error
[ERROR - 2017-10-15T05:44:51.722Z] WebElementLocator - _handleLocateCommand - Element(s) NOT Found: GAVE UP. Search Stop Time: 1508046291688

  phantomjs://platform/console++.js:263 in error
[ERROR - 2017-10-15T05:44:52.021Z] WebElementLocator - _handleLocateCommand - Element(s) NOT Found: GAVE UP. Search Stop Time: 1508046291998

  phantomjs://platform/console++.js:263 in error
[ERROR - 2017-10-15T05:44:52.335Z] WebElementLocator - _handleLocateCommand - Element(s) NOT Found: GAVE UP. Search Stop Time: 1508046292297

  phantomjs://platform/console++.js:263 in error
[ERROR - 2017-10-15T05:44:52.635Z] WebElementLocator - _handleLocateCommand - Element(s) NOT Found: GAVE UP. Search Stop Time: 1508046292611

  phantomjs://platform/console++.js:263 in error
[ERROR - 2017-10-15T05:44:52.933Z] WebElementLocator - _handleLocateCommand - Element(s) NOT Found: GAVE UP. Search Stop Time: 1508046292912

  phantomjs://platform/console++.js:263 in error
[ERROR - 2017-10-15T05:44:53.222Z] WebElementLocator - _handleLocateCommand - Element(s) NOT Found: GAVE UP. Search Stop Time: 1508046293205

  phantomjs://platform/console++.js:263 in error
[ERROR - 2017-10-15T05:44:53.519Z] WebElementLocator - _handleLocateCommand - Element(s) NOT Found: GAVE UP. Search Stop Time: 1508046293496

  phantomjs://platform/console++.js:263 in error
[ERROR - 2017-10-15T05:44:53.810Z] WebElementLocator - _handleLocateCommand - Element(s) NOT Found: GAVE UP. Search Stop Time: 1508046293790

  phantomjs://platform/console++.js:263 in error
[ERROR - 2017-10-15T05:44:54.110Z] WebElementLocator - _handleLocateCommand - Element(s) NOT Found: GAVE UP. Search Stop Time: 1508046294082

  phantomjs://platform/console++.js:263 in error
[ERROR - 2017-10-15T05:44:54.419Z] WebElementLocator - _handleLocateCommand - Element(s) NOT Found: GAVE UP. Search Stop Time: 1508046294383

  phantomjs://platform/console++.js:263 in error
[ERROR - 2017-10-15T05:44:54.721Z] WebElementLocator - _handleLocateCommand - Element(s) NOT Found: GAVE UP. Search Stop Time: 1508046294692

  phantomjs://platform/console++.js:263 in error
[ERROR - 2017-10-15T05:44:55.020Z] WebElementLocator - _handleLocateCommand - Element(s) NOT Found: GAVE UP. Search Stop Time: 1508046294995

  phantomjs://platform/console++.js:263 in error
[ERROR - 2017-10-15T05:44:55.330Z] WebElementLocator - _handleLocateCommand - Element(s) NOT Found: GAVE UP. Search Stop Time: 1508046295288

  phantomjs://platform/console++.js:263 in error
[ERROR - 2017-10-15T05:44:55.635Z] WebElementLocator - _handleLocateCommand - Element(s) NOT Found: GAVE UP. Search Stop Time: 1508046295602

  phantomjs://platform/console++.js:263 in error
[ERROR - 2017-10-15T05:44:55.939Z] WebElementLocator - _handleLocateCommand - Element(s) NOT Found: GAVE UP. Search Stop Time: 1508046295912

  phantomjs://platform/console++.js:263 in error
[ERROR - 2017-10-15T05:44:56.236Z] WebElementLocator - _handleLocateCommand - Element(s) NOT Found: GAVE UP. Search Stop Time: 1508046296215

  phantomjs://platform/console++.js:263 in error
[ERROR - 2017-10-15T05:44:56.527Z] WebElementLocator - _handleLocateCommand - Element(s) NOT Found: GAVE UP. Search Stop Time: 1508046296507

  phantomjs://platform/console++.js:263 in error
[ERROR - 2017-10-15T05:44:56.822Z] WebElementLocator - _handleLocateCommand - Element(s) NOT Found: GAVE UP. Search Stop Time: 1508046296800

  phantomjs://platform/console++.js:263 in error
[ERROR - 2017-10-15T05:44:57.115Z] WebElementLocator - _handleLocateCommand - Element(s) NOT Found: GAVE UP. Search Stop Time: 1508046297093

  phantomjs://platform/console++.js:263 in error
[ERROR - 2017-10-15T05:44:57.409Z] WebElementLocator - _handleLocateCommand - Element(s) NOT Found: GAVE UP. Search Stop Time: 1508046297385

  phantomjs://platform/console++.js:263 in error
[ERROR - 2017-10-15T05:44:57.701Z] WebElementLocator - _handleLocateCommand - Element(s) NOT Found: GAVE UP. Search Stop Time: 1508046297679

  phantomjs://platform/console++.js:263 in error
[ERROR - 2017-10-15T05:44:58.002Z] WebElementLocator - _handleLocateCommand - Element(s) NOT Found: GAVE UP. Search Stop Time: 1508046297972

  phantomjs://platform/console++.js:263 in error
[ERROR - 2017-10-15T05:44:58.314Z] WebElementLocator - _handleLocateCommand - Element(s) NOT Found: GAVE UP. Search Stop Time: 1508046298277

  phantomjs://platform/console++.js:263 in error
[ERROR - 2017-10-15T05:44:58.619Z] WebElementLocator - _handleLocateCommand - Element(s) NOT Found: GAVE UP. Search Stop Time: 1508046298586

  phantomjs://platform/console++.js:263 in error
[ERROR - 2017-10-15T05:44:58.925Z] WebElementLocator - _handleLocateCommand - Element(s) NOT Found: GAVE UP. Search Stop Time: 1508046298894

  phantomjs://platform/console++.js:263 in error
[ERROR - 2017-10-15T05:44:59.231Z] WebElementLocator - _handleLocateCommand - Element(s) NOT Found: GAVE UP. Search Stop Time: 1508046299201

  phantomjs://platform/console++.js:263 in error
[ERROR - 2017-10-15T05:44:59.527Z] WebElementLocator - _handleLocateCommand - Element(s) NOT Found: GAVE UP. Search Stop Time: 1508046299505

  phantomjs://platform/console++.js:263 in error
[ERROR - 2017-10-15T05:44:59.827Z] WebElementLocator - _handleLocateCommand - Element(s) NOT Found: GAVE UP. Search Stop Time: 1508046299800

  phantomjs://platform/console++.js:263 in error
[ERROR - 2017-10-15T05:45:00.133Z] WebElementLocator - _handleLocateCommand - Element(s) NOT Found: GAVE UP. Search Stop Time: 1508046300100

  phantomjs://platform/console++.js:263 in error
[ERROR - 2017-10-15T05:45:00.439Z] WebElementLocator - _handleLocateCommand - Element(s) NOT Found: GAVE UP. Search Stop Time: 1508046300409

  phantomjs://platform/console++.js:263 in error
[ERROR - 2017-10-15T05:45:00.736Z] WebElementLocator - _handleLocateCommand - Element(s) NOT Found: GAVE UP. Search Stop Time: 1508046300713

  phantomjs://platform/console++.js:263 in error
[ERROR - 2017-10-15T05:45:01.034Z] WebElementLocator - _handleLocateCommand - Element(s) NOT Found: GAVE UP. Search Stop Time: 1508046301007

  phantomjs://platform/console++.js:263 in error
[ERROR - 2017-10-15T05:45:01.337Z] WebElementLocator - _handleLocateCommand - Element(s) NOT Found: GAVE UP. Search Stop Time: 1508046301308

  phantomjs://platform/console++.js:263 in error
[ERROR - 2017-10-15T05:45:01.633Z] WebElementLocator - _handleLocateCommand - Element(s) NOT Found: GAVE UP. Search Stop Time: 1508046301608

  phantomjs://platform/console++.js:263 in error
[ERROR - 2017-10-15T05:45:01.927Z] WebElementLocator - _handleLocateCommand - Element(s) NOT Found: GAVE UP. Search Stop Time: 1508046301904

  phantomjs://platform/console++.js:263 in error
[ERROR - 2017-10-15T05:45:02.219Z] WebElementLocator - _handleLocateCommand - Element(s) NOT Found: GAVE UP. Search Stop Time: 1508046302198

  phantomjs://platform/console++.js:263 in error
[ERROR - 2017-10-15T05:45:02.510Z] WebElementLocator - _handleLocateCommand - Element(s) NOT Found: GAVE UP. Search Stop Time: 1508046302490

  phantomjs://platform/console++.js:263 in error
[ERROR - 2017-10-15T05:45:02.815Z] WebElementLocator - _handleLocateCommand - Element(s) NOT Found: GAVE UP. Search Stop Time: 1508046302782

  phantomjs://platform/console++.js:263 in error
[ERROR - 2017-10-15T05:45:03.112Z] WebElementLocator - _handleLocateCommand - Element(s) NOT Found: GAVE UP. Search Stop Time: 1508046303091

  phantomjs://platform/console++.js:263 in error
[ERROR - 2017-10-15T05:45:03.410Z] WebElementLocator - _handleLocateCommand - Element(s) NOT Found: GAVE UP. Search Stop Time: 1508046303381

  phantomjs://platform/console++.js:263 in error
[ERROR - 2017-10-15T05:45:03.712Z] WebElementLocator - _handleLocateCommand - Element(s) NOT Found: GAVE UP. Search Stop Time: 1508046303681

  phantomjs://platform/console++.js:263 in error
[ERROR - 2017-10-15T05:45:04.018Z] WebElementLocator - _handleLocateCommand - Element(s) NOT Found: GAVE UP. Search Stop Time: 1508046303988

  phantomjs://platform/console++.js:263 in error
[ERROR - 2017-10-15T05:45:04.330Z] WebElementLocator - _handleLocateCommand - Element(s) NOT Found: GAVE UP. Search Stop Time: 1508046304306

  phantomjs://platform/console++.js:263 in error
[ERROR - 2017-10-15T05:45:04.622Z] WebElementLocator - _handleLocateCommand - Element(s) NOT Found: GAVE UP. Search Stop Time: 1508046304602

  phantomjs://platform/console++.js:263 in error
[ERROR - 2017-10-15T05:45:04.925Z] WebElementLocator - _handleLocateCommand - Element(s) NOT Found: GAVE UP. Search Stop Time: 1508046304893

  phantomjs://platform/console++.js:263 in error
[ERROR - 2017-10-15T05:45:05.221Z] WebElementLocator - _handleLocateCommand - Element(s) NOT Found: GAVE UP. Search Stop Time: 1508046305201

  phantomjs://platform/console++.js:263 in error
[ERROR - 2017-10-15T05:45:05.511Z] WebElementLocator - _handleLocateCommand - Element(s) NOT Found: GAVE UP. Search Stop Time: 1508046305491

  phantomjs://platform/console++.js:263 in error
[ERROR - 2017-10-15T05:45:05.801Z] WebElementLocator - _handleLocateCommand - Element(s) NOT Found: GAVE UP. Search Stop Time: 1508046305781

  phantomjs://platform/console++.js:263 in error
[ERROR - 2017-10-15T05:45:06.086Z] WebElementLocator - _handleLocateCommand - Element(s) NOT Found: GAVE UP. Search Stop Time: 1508046306070

  phantomjs://platform/console++.js:263 in error
[ERROR - 2017-10-15T05:45:06.373Z] WebElementLocator - _handleLocateCommand - Element(s) NOT Found: GAVE UP. Search Stop Time: 1508046306356

  phantomjs://platform/console++.js:263 in error
[ERROR - 2017-10-15T05:45:06.665Z] WebElementLocator - _handleLocateCommand - Element(s) NOT Found: GAVE UP. Search Stop Time: 1508046306641

  phantomjs://platform/console++.js:263 in error
[ERROR - 2017-10-15T05:45:06.974Z] WebElementLocator - _handleLocateCommand - Element(s) NOT Found: GAVE UP. Search Stop Time: 1508046306941

  phantomjs://platform/console++.js:263 in error
[ERROR - 2017-10-15T05:45:07.285Z] WebElementLocator - _handleLocateCommand - Element(s) NOT Found: GAVE UP. Search Stop Time: 1508046307261

  phantomjs://platform/console++.js:263 in error
[ERROR - 2017-10-15T05:45:07.583Z] WebElementLocator - _handleLocateCommand - Element(s) NOT Found: GAVE UP. Search Stop Time: 1508046307558

  phantomjs://platform/console++.js:263 in error
[ERROR - 2017-10-15T05:45:07.887Z] WebElementLocator - _handleLocateCommand - Element(s) NOT Found: GAVE UP. Search Stop Time: 1508046307857

  phantomjs://platform/console++.js:263 in error
[ERROR - 2017-10-15T05:45:08.180Z] WebElementLocator - _handleLocateCommand - Element(s) NOT Found: GAVE UP. Search Stop Time: 1508046308160

  phantomjs://platform/console++.js:263 in error
[ERROR - 2017-10-15T05:45:08.477Z] WebElementLocator - _handleLocateCommand - Element(s) NOT Found: GAVE UP. Search Stop Time: 1508046308452

  phantomjs://platform/console++.js:263 in error
[ERROR - 2017-10-15T05:45:08.775Z] WebElementLocator - _handleLocateCommand - Element(s) NOT Found: GAVE UP. Search Stop Time: 1508046308749

  phantomjs://platform/console++.js:263 in error
[ERROR - 2017-10-15T05:45:09.063Z] WebElementLocator - _handleLocateCommand - Element(s) NOT Found: GAVE UP. Search Stop Time: 1508046309046

  phantomjs://platform/console++.js:263 in error
[ERROR - 2017-10-15T05:45:09.356Z] WebElementLocator - _handleLocateCommand - Element(s) NOT Found: GAVE UP. Search Stop Time: 1508046309334

  phantomjs://platform/console++.js:263 in error
[ERROR - 2017-10-15T05:45:09.649Z] WebElementLocator - _handleLocateCommand - Element(s) NOT Found: GAVE UP. Search Stop Time: 1508046309627

  phantomjs://platform/console++.js:263 in error
[ERROR - 2017-10-15T05:45:09.936Z] WebElementLocator - _handleLocateCommand - Element(s) NOT Found: GAVE UP. Search Stop Time: 1508046309920

  phantomjs://platform/console++.js:263 in error
[ERROR - 2017-10-15T05:45:10.248Z] WebElementLocator - _handleLocateCommand - Element(s) NOT Found: GAVE UP. Search Stop Time: 1508046310225

  phantomjs://platform/console++.js:263 in error
[ERROR - 2017-10-15T05:45:10.551Z] WebElementLocator - _handleLocateCommand - Element(s) NOT Found: GAVE UP. Search Stop Time: 1508046310520

  phantomjs://platform/console++.js:263 in error
[ERROR - 2017-10-15T05:45:10.860Z] WebElementLocator - _handleLocateCommand - Element(s) NOT Found: GAVE UP. Search Stop Time: 1508046310826

  phantomjs://platform/console++.js:263 in error
[ERROR - 2017-10-15T05:45:11.165Z] WebElementLocator - _handleLocateCommand - Element(s) NOT Found: GAVE UP. Search Stop Time: 1508046311133

  phantomjs://platform/console++.js:263 in error
[ERROR - 2017-10-15T05:45:11.467Z] WebElementLocator - _handleLocateCommand - Element(s) NOT Found: GAVE UP. Search Stop Time: 1508046311439

  phantomjs://platform/console++.js:263 in error
[ERROR - 2017-10-15T05:45:11.775Z] WebElementLocator - _handleLocateCommand - Element(s) NOT Found: GAVE UP. Search Stop Time: 1508046311741

  phantomjs://platform/console++.js:263 in error
[ERROR - 2017-10-15T05:45:12.075Z] WebElementLocator - _handleLocateCommand - Element(s) NOT Found: GAVE UP. Search Stop Time: 1508046312050

  phantomjs://platform/console++.js:263 in error
[ERROR - 2017-10-15T05:45:12.372Z] WebElementLocator - _handleLocateCommand - Element(s) NOT Found: GAVE UP. Search Stop Time: 1508046312348

  phantomjs://platform/console++.js:263 in error
[ERROR - 2017-10-15T05:45:12.660Z] WebElementLocator - _handleLocateCommand - Element(s) NOT Found: GAVE UP. Search Stop Time: 1508046312641

  phantomjs://platform/console++.js:263 in error
[ERROR - 2017-10-15T05:45:12.947Z] WebElementLocator - _handleLocateCommand - Element(s) NOT Found: GAVE UP. Search Stop Time: 1508046312931

  phantomjs://platform/console++.js:263 in error
[ERROR - 2017-10-15T05:45:13.251Z] WebElementLocator - _handleLocateCommand - Element(s) NOT Found: GAVE UP. Search Stop Time: 1508046313230

  phantomjs://platform/console++.js:263 in error
[ERROR - 2017-10-15T05:45:13.538Z] WebElementLocator - _handleLocateCommand - Element(s) NOT Found: GAVE UP. Search Stop Time: 1508046313522

  phantomjs://platform/console++.js:263 in error
[ERROR - 2017-10-15T05:45:13.835Z] WebElementLocator - _handleLocateCommand - Element(s) NOT Found: GAVE UP. Search Stop Time: 1508046313807

  phantomjs://platform/console++.js:263 in error
[ERROR - 2017-10-15T05:45:14.132Z] WebElementLocator - _handleLocateCommand - Element(s) NOT Found: GAVE UP. Search Stop Time: 1508046314110

  phantomjs://platform/console++.js:263 in error
[ERROR - 2017-10-15T05:45:14.424Z] WebElementLocator - _handleLocateCommand - Element(s) NOT Found: GAVE UP. Search Stop Time: 1508046314400

  phantomjs://platform/console++.js:263 in error
[ERROR - 2017-10-15T05:45:14.721Z] WebElementLocator - _handleLocateCommand - Element(s) NOT Found: GAVE UP. Search Stop Time: 1508046314694

  phantomjs://platform/console++.js:263 in error
[ERROR - 2017-10-15T05:45:15.023Z] WebElementLocator - _handleLocateCommand - Element(s) NOT Found: GAVE UP. Search Stop Time: 1508046314994

  phantomjs://platform/console++.js:263 in error
[ERROR - 2017-10-15T05:45:15.323Z] WebElementLocator - _handleLocateCommand - Element(s) NOT Found: GAVE UP. Search Stop Time: 1508046315294

  phantomjs://platform/console++.js:263 in error
[ERROR - 2017-10-15T05:45:15.625Z] WebElementLocator - _handleLocateCommand - Element(s) NOT Found: GAVE UP. Search Stop Time: 1508046315598

  phantomjs://platform/console++.js:263 in error
[ERROR - 2017-10-15T05:45:15.942Z] WebElementLocator - _handleLocateCommand - Element(s) NOT Found: GAVE UP. Search Stop Time: 1508046315901

  phantomjs://platform/console++.js:263 in error
[ERROR - 2017-10-15T05:45:16.236Z] WebElementLocator - _handleLocateCommand - Element(s) NOT Found: GAVE UP. Search Stop Time: 1508046316216

  phantomjs://platform/console++.js:263 in error
[ERROR - 2017-10-15T05:45:16.536Z] WebElementLocator - _handleLocateCommand - Element(s) NOT Found: GAVE UP. Search Stop Time: 1508046316509

  phantomjs://platform/console++.js:263 in error
[ERROR - 2017-10-15T05:45:16.831Z] WebElementLocator - _handleLocateCommand - Element(s) NOT Found: GAVE UP. Search Stop Time: 1508046316809

  phantomjs://platform/console++.js:263 in error
[ERROR - 2017-10-15T05:45:17.123Z] WebElementLocator - _handleLocateCommand - Element(s) NOT Found: GAVE UP. Search Stop Time: 1508046317102

  phantomjs://platform/console++.js:263 in error
[ERROR - 2017-10-15T05:45:17.412Z] WebElementLocator - _handleLocateCommand - Element(s) NOT Found: GAVE UP. Search Stop Time: 1508046317395

  phantomjs://platform/console++.js:263 in error
[ERROR - 2017-10-15T05:45:17.703Z] WebElementLocator - _handleLocateCommand - Element(s) NOT Found: GAVE UP. Search Stop Time: 1508046317683

  phantomjs://platform/console++.js:263 in error
[ERROR - 2017-10-15T05:45:18.001Z] WebElementLocator - _handleLocateCommand - Element(s) NOT Found: GAVE UP. Search Stop Time: 1508046317974

  phantomjs://platform/console++.js:263 in error
[ERROR - 2017-10-15T05:45:18.290Z] WebElementLocator - _handleLocateCommand - Element(s) NOT Found: GAVE UP. Search Stop Time: 1508046318272

  phantomjs://platform/console++.js:263 in error
[ERROR - 2017-10-15T05:45:18.573Z] WebElementLocator - _handleLocateCommand - Element(s) NOT Found: GAVE UP. Search Stop Time: 1508046318561

  phantomjs://platform/console++.js:263 in error
[ERROR - 2017-10-15T05:45:18.883Z] WebElementLocator - _handleLocateCommand - Element(s) NOT Found: GAVE UP. Search Stop Time: 1508046318844

  phantomjs://platform/console++.js:263 in error
[ERROR - 2017-10-15T05:45:19.180Z] WebElementLocator - _handleLocateCommand - Element(s) NOT Found: GAVE UP. Search Stop Time: 1508046319156

  phantomjs://platform/console++.js:263 in error
[ERROR - 2017-10-15T05:45:19.487Z] WebElementLocator - _handleLocateCommand - Element(s) NOT Found: GAVE UP. Search Stop Time: 1508046319456

  phantomjs://platform/console++.js:263 in error
[ERROR - 2017-10-15T05:45:19.791Z] WebElementLocator - _handleLocateCommand - Element(s) NOT Found: GAVE UP. Search Stop Time: 1508046319762

  phantomjs://platform/console++.js:263 in error
[ERROR - 2017-10-15T05:45:20.093Z] WebElementLocator - _handleLocateCommand - Element(s) NOT Found: GAVE UP. Search Stop Time: 1508046320065

  phantomjs://platform/console++.js:263 in error
[ERROR - 2017-10-15T05:45:20.386Z] WebElementLocator - _handleLocateCommand - Element(s) NOT Found: GAVE UP. Search Stop Time: 1508046320369

  phantomjs://platform/console++.js:263 in error
[ERROR - 2017-10-15T05:45:20.681Z] WebElementLocator - _handleLocateCommand - Element(s) NOT Found: GAVE UP. Search Stop Time: 1508046320653

  phantomjs://platform/console++.js:263 in error
[ERROR - 2017-10-15T05:45:20.975Z] WebElementLocator - _handleLocateCommand - Element(s) NOT Found: GAVE UP. Search Stop Time: 1508046320955

  phantomjs://platform/console++.js:263 in error
[ERROR - 2017-10-15T05:45:21.268Z] WebElementLocator - _handleLocateCommand - Element(s) NOT Found: GAVE UP. Search Stop Time: 1508046321245

  phantomjs://platform/console++.js:263 in error
[ERROR - 2017-10-15T05:45:21.558Z] WebElementLocator - _handleLocateCommand - Element(s) NOT Found: GAVE UP. Search Stop Time: 1508046321538

  phantomjs://platform/console++.js:263 in error
[ERROR - 2017-10-15T05:45:21.858Z] WebElementLocator - _handleLocateCommand - Element(s) NOT Found: GAVE UP. Search Stop Time: 1508046321828

  phantomjs://platform/console++.js:263 in error
[ERROR - 2017-10-15T05:45:22.151Z] WebElementLocator - _handleLocateCommand - Element(s) NOT Found: GAVE UP. Search Stop Time: 1508046322128

  phantomjs://platform/console++.js:263 in error
[ERROR - 2017-10-15T05:45:22.443Z] WebElementLocator - _handleLocateCommand - Element(s) NOT Found: GAVE UP. Search Stop Time: 1508046322421

  phantomjs://platform/console++.js:263 in error
[ERROR - 2017-10-15T05:45:22.745Z] WebElementLocator - _handleLocateCommand - Element(s) NOT Found: GAVE UP. Search Stop Time: 1508046322716

  phantomjs://platform/console++.js:263 in error
[ERROR - 2017-10-15T05:45:23.047Z] WebElementLocator - _handleLocateCommand - Element(s) NOT Found: GAVE UP. Search Stop Time: 1508046323021

  phantomjs://platform/console++.js:263 in error
[ERROR - 2017-10-15T05:45:23.351Z] WebElementLocator - _handleLocateCommand - Element(s) NOT Found: GAVE UP. Search Stop Time: 1508046323319

  phantomjs://platform/console++.js:263 in error
[ERROR - 2017-10-15T05:45:23.651Z] WebElementLocator - _handleLocateCommand - Element(s) NOT Found: GAVE UP. Search Stop Time: 1508046323624

  phantomjs://platform/console++.js:263 in error
[ERROR - 2017-10-15T05:45:23.946Z] WebElementLocator - _handleLocateCommand - Element(s) NOT Found: GAVE UP. Search Stop Time: 1508046323926

  phantomjs://platform/console++.js:263 in error
[ERROR - 2017-10-15T05:45:24.243Z] WebElementLocator - _handleLocateCommand - Element(s) NOT Found: GAVE UP. Search Stop Time: 1508046324217

  phantomjs://platform/console++.js:263 in error
[ERROR - 2017-10-15T05:45:24.541Z] WebElementLocator - _handleLocateCommand - Element(s) NOT Found: GAVE UP. Search Stop Time: 1508046324516

  phantomjs://platform/console++.js:263 in error
[ERROR - 2017-10-15T05:45:24.844Z] WebElementLocator - _handleLocateCommand - Element(s) NOT Found: GAVE UP. Search Stop Time: 1508046324811

  phantomjs://platform/console++.js:263 in error
[ERROR - 2017-10-15T05:45:25.131Z] WebElementLocator - _handleLocateCommand - Element(s) NOT Found: GAVE UP. Search Stop Time: 1508046325113

  phantomjs://platform/console++.js:263 in error
[ERROR - 2017-10-15T05:45:25.418Z] WebElementLocator - _handleLocateCommand - Element(s) NOT Found: GAVE UP. Search Stop Time: 1508046325401

  phantomjs://platform/console++.js:263 in error
[ERROR - 2017-10-15T05:45:25.710Z] WebElementLocator - _handleLocateCommand - Element(s) NOT Found: GAVE UP. Search Stop Time: 1508046325690

  phantomjs://platform/console++.js:263 in error
[ERROR - 2017-10-15T05:45:26.005Z] WebElementLocator - _handleLocateCommand - Element(s) NOT Found: GAVE UP. Search Stop Time: 1508046325981

  phantomjs://platform/console++.js:263 in error
[ERROR - 2017-10-15T05:45:26.306Z] WebElementLocator - _handleLocateCommand - Element(s) NOT Found: GAVE UP. Search Stop Time: 1508046326278

  phantomjs://platform/console++.js:263 in error
[ERROR - 2017-10-15T05:45:26.606Z] WebElementLocator - _handleLocateCommand - Element(s) NOT Found: GAVE UP. Search Stop Time: 1508046326580

  phantomjs://platform/console++.js:263 in error
[ERROR - 2017-10-15T05:45:26.907Z] WebElementLocator - _handleLocateCommand - Element(s) NOT Found: GAVE UP. Search Stop Time: 1508046326885

  phantomjs://platform/console++.js:263 in error
[ERROR - 2017-10-15T05:45:27.217Z] WebElementLocator - _handleLocateCommand - Element(s) NOT Found: GAVE UP. Search Stop Time: 1508046327179

  phantomjs://platform/console++.js:263 in error
[ERROR - 2017-10-15T05:45:27.525Z] WebElementLocator - _handleLocateCommand - Element(s) NOT Found: GAVE UP. Search Stop Time: 1508046327491

  phantomjs://platform/console++.js:263 in error
[ERROR - 2017-10-15T05:45:27.847Z] WebElementLocator - _handleLocateCommand - Element(s) NOT Found: GAVE UP. Search Stop Time: 1508046327796

  phantomjs://platform/console++.js:263 in error
[ERROR - 2017-10-15T05:45:28.142Z] WebElementLocator - _handleLocateCommand - Element(s) NOT Found: GAVE UP. Search Stop Time: 1508046328121

  phantomjs://platform/console++.js:263 in error
[ERROR - 2017-10-15T05:45:28.434Z] WebElementLocator - _handleLocateCommand - Element(s) NOT Found: GAVE UP. Search Stop Time: 1508046328412

  phantomjs://platform/console++.js:263 in error
[ERROR - 2017-10-15T05:45:28.727Z] WebElementLocator - _handleLocateCommand - Element(s) NOT Found: GAVE UP. Search Stop Time: 1508046328707

  phantomjs://platform/console++.js:263 in error
[ERROR - 2017-10-15T05:45:29.020Z] WebElementLocator - _handleLocateCommand - Element(s) NOT Found: GAVE UP. Search Stop Time: 1508046328999

  phantomjs://platform/console++.js:263 in error
[ERROR - 2017-10-15T05:45:29.318Z] WebElementLocator - _handleLocateCommand - Element(s) NOT Found: GAVE UP. Search Stop Time: 1508046329295

  phantomjs://platform/console++.js:263 in error
[ERROR - 2017-10-15T05:45:29.625Z] WebElementLocator - _handleLocateCommand - Element(s) NOT Found: GAVE UP. Search Stop Time: 1508046329591

  phantomjs://platform/console++.js:263 in error
[ERROR - 2017-10-15T05:45:29.927Z] WebElementLocator - _handleLocateCommand - Element(s) NOT Found: GAVE UP. Search Stop Time: 1508046329898

  phantomjs://platform/console++.js:263 in error
[ERROR - 2017-10-15T05:45:30.226Z] WebElementLocator - _handleLocateCommand - Element(s) NOT Found: GAVE UP. Search Stop Time: 1508046330202

  phantomjs://platform/console++.js:263 in error
[ERROR - 2017-10-15T05:45:30.525Z] WebElementLocator - _handleLocateCommand - Element(s) NOT Found: GAVE UP. Search Stop Time: 1508046330498

  phantomjs://platform/console++.js:263 in error
[ERROR - 2017-10-15T05:45:30.841Z] WebElementLocator - _handleLocateCommand - Element(s) NOT Found: GAVE UP. Search Stop Time: 1508046330798

  phantomjs://platform/console++.js:263 in error
[ERROR - 2017-10-15T05:45:31.143Z] WebElementLocator - _handleLocateCommand - Element(s) NOT Found: GAVE UP. Search Stop Time: 1508046331112

  phantomjs://platform/console++.js:263 in error
[ERROR - 2017-10-15T05:45:31.444Z] WebElementLocator - _handleLocateCommand - Element(s) NOT Found: GAVE UP. Search Stop Time: 1508046331418

  phantomjs://platform/console++.js:263 in error
[ERROR - 2017-10-15T05:45:31.747Z] WebElementLocator - _handleLocateCommand - Element(s) NOT Found: GAVE UP. Search Stop Time: 1508046331714

  phantomjs://platform/console++.js:263 in error
[ERROR - 2017-10-15T05:45:32.043Z] WebElementLocator - _handleLocateCommand - Element(s) NOT Found: GAVE UP. Search Stop Time: 1508046332021

  phantomjs://platform/console++.js:263 in error
[ERROR - 2017-10-15T05:45:32.339Z] WebElementLocator - _handleLocateCommand - Element(s) NOT Found: GAVE UP. Search Stop Time: 1508046332315

  phantomjs://platform/console++.js:263 in error
[ERROR - 2017-10-15T05:45:32.635Z] WebElementLocator - _handleLocateCommand - Element(s) NOT Found: GAVE UP. Search Stop Time: 1508046332612

  phantomjs://platform/console++.js:263 in error
[ERROR - 2017-10-15T05:45:32.939Z] WebElementLocator - _handleLocateCommand - Element(s) NOT Found: GAVE UP. Search Stop Time: 1508046332912

  phantomjs://platform/console++.js:263 in error
[ERROR - 2017-10-15T05:45:33.240Z] WebElementLocator - _handleLocateCommand - Element(s) NOT Found: GAVE UP. Search Stop Time: 1508046333212

  phantomjs://platform/console++.js:263 in error
[ERROR - 2017-10-15T05:45:33.534Z] WebElementLocator - _handleLocateCommand - Element(s) NOT Found: GAVE UP. Search Stop Time: 1508046333517

  phantomjs://platform/console++.js:263 in error
[ERROR - 2017-10-15T05:45:33.846Z] WebElementLocator - _handleLocateCommand - Element(s) NOT Found: GAVE UP. Search Stop Time: 1508046333805

  phantomjs://platform/console++.js:263 in error
[ERROR - 2017-10-15T05:45:34.141Z] WebElementLocator - _handleLocateCommand - Element(s) NOT Found: GAVE UP. Search Stop Time: 1508046334119

  phantomjs://platform/console++.js:263 in error
